<?xml version="1.0" encoding="UTF-8"?>
<!-- Generated by org.testng.reporters.JUnitXMLReporter -->
<testsuite hostname="WSMPN-160" ignored="0" name="Test" tests="1" failures="1" timestamp="17 Apr 2018 11:15:44 GMT" time="0.036" errors="0">
  <testcase name="ICCID" time="0.011" classname="Bulk_scenario.mobile1">
    <failure type="java.lang.NullPointerException">
      <![CDATA[java.lang.NullPointerExceptionat Bulk_scenario.mobile1.ICCID(mobile1.java:14)... Removed 25 stack frames]]>
    </failure>
  </testcase> <!-- ICCID -->
</testsuite> <!-- Test -->
